<?xml version="1.0" encoding="UTF-8"?>
<!-- Generated by org.testng.reporters.JUnitReportReporter -->
<testsuite name="com.epam.spring.hometask.UserServiceTest" tests="1" time="0.229" ignored="0" failures="0" timestamp="12 Feb 2018 15:13:29 GMT" skipped="0" hostname="EPRUTVEW0122" errors="0">
  <testcase name="userServiceSaveTest" time="0.229" classname="com.epam.spring.hometask.UserServiceTest"/>
</testsuite> <!-- com.epam.spring.hometask.UserServiceTest -->
